{
  "0 debug pnpm:scope": {
    "selected": 1
  },
  "1 debug pnpm:package-manifest": {
    "initial": {},
    "prefix": "/Users/inamurrahman/Library/pnpm/store/v3/tmp/dlx-88173"
  },
  "2 debug pnpm:context": {
    "currentLockfileExists": false,
    "storeDir": "/Users/inamurrahman/Library/pnpm/store/v3",
    "virtualStoreDir": "/Users/inamurrahman/Library/pnpm/store/v3/tmp/dlx-88173/node_modules/.pnpm"
  },
  "3 debug pnpm:stage": {
    "prefix": "/Users/inamurrahman/Library/pnpm/store/v3/tmp/dlx-88173",
    "stage": "resolution_started"
  },
  "4 error pnpm": {
    "code": "ERR_PNPM_FETCH_404",
    "hint": "-v is not in the npm registry, or you have no permission to fetch it.\n\nNo authorization header was set for the request.",
    "request": {
      "url": "https://registry.npmjs.org/-v"
    },
    "response": {
      "size": 0
    },
    "pkgName": "-v",
    "spec": {
      "fetchSpec": "latest",
      "name": "-v",
      "type": "tag"
    },
    "pkgsStack": [],
    "err": {
      "name": "pnpm",
      "message": "GET https://registry.npmjs.org/-v: Not Found - 404",
      "code": "ERR_PNPM_FETCH_404",
      "stack": "pnpm: GET https://registry.npmjs.org/-v: Not Found - 404\n    at RetryOperation._fn (/usr/local/lib/node_modules/pnpm/dist/pnpx.cjs:80453:19)\n    at processTicksAndRejections (node:internal/process/task_queues:96:5)"
    }
  }
}